<?xml version="1.0" encoding="UTF-8"?>
<testsuite name="com.demo.dynamopoc.DynamoPocApplicationTests" tests="1" skipped="0" failures="0" errors="0" timestamp="2020-08-16T00:21:33" hostname="ar-jcabrera-m" time="0.415">
  <properties/>
  <testcase name="contextLoads()" classname="com.demo.dynamopoc.DynamoPocApplicationTests" time="0.415"/>
  <system-out><![CDATA[21:21:30.281 [Test worker] DEBUG org.springframework.test.context.BootstrapUtils - Instantiating CacheAwareContextLoaderDelegate from class [org.springframework.test.context.cache.DefaultCacheAwareContextLoaderDelegate]
21:21:30.312 [Test worker] DEBUG org.springframework.test.context.BootstrapUtils - Instantiating BootstrapContext using constructor [public org.springframework.test.context.support.DefaultBootstrapContext(java.lang.Class,org.springframework.test.context.CacheAwareContextLoaderDelegate)]
21:21:30.361 [Test worker] DEBUG org.springframework.test.context.BootstrapUtils - Instantiating TestContextBootstrapper for test class [com.demo.dynamopoc.DynamoPocApplicationTests] from class [org.springframework.boot.test.context.SpringBootTestContextBootstrapper]
21:21:30.388 [Test worker] INFO org.springframework.boot.test.context.SpringBootTestContextBootstrapper - Neither @ContextConfiguration nor @ContextHierarchy found for test class [com.demo.dynamopoc.DynamoPocApplicationTests], using SpringBootContextLoader
21:21:30.395 [Test worker] DEBUG org.springframework.test.context.support.AbstractContextLoader - Did not detect default resource location for test class [com.demo.dynamopoc.DynamoPocApplicationTests]: class path resource [com/demo/dynamopoc/DynamoPocApplicationTests-context.xml] does not exist
21:21:30.396 [Test worker] DEBUG org.springframework.test.context.support.AbstractContextLoader - Did not detect default resource location for test class [com.demo.dynamopoc.DynamoPocApplicationTests]: class path resource [com/demo/dynamopoc/DynamoPocApplicationTestsContext.groovy] does not exist
21:21:30.396 [Test worker] INFO org.springframework.test.context.support.AbstractContextLoader - Could not detect default resource locations for test class [com.demo.dynamopoc.DynamoPocApplicationTests]: no resource found for suffixes {-context.xml, Context.groovy}.
21:21:30.397 [Test worker] INFO org.springframework.test.context.support.AnnotationConfigContextLoaderUtils - Could not detect default configuration classes for test class [com.demo.dynamopoc.DynamoPocApplicationTests]: DynamoPocApplicationTests does not declare any static, non-private, non-final, nested classes annotated with @Configuration.
21:21:30.455 [Test worker] DEBUG org.springframework.test.context.support.ActiveProfilesUtils - Could not find an 'annotation declaring class' for annotation type [org.springframework.test.context.ActiveProfiles] and class [com.demo.dynamopoc.DynamoPocApplicationTests]
21:21:30.561 [Test worker] DEBUG org.springframework.context.annotation.ClassPathScanningCandidateComponentProvider - Identified candidate component class: file [/Users/jorge.cabrera/workspace/dynamo-poc/delivery/build/classes/kotlin/main/com/demo/dynamopoc/DynamoPocApplication.class]
21:21:30.562 [Test worker] INFO org.springframework.boot.test.context.SpringBootTestContextBootstrapper - Found @SpringBootConfiguration com.demo.dynamopoc.DynamoPocApplication for test class com.demo.dynamopoc.DynamoPocApplicationTests
21:21:30.715 [Test worker] DEBUG org.springframework.boot.test.context.SpringBootTestContextBootstrapper - @TestExecutionListeners is not present for class [com.demo.dynamopoc.DynamoPocApplicationTests]: using defaults.
21:21:30.716 [Test worker] INFO org.springframework.boot.test.context.SpringBootTestContextBootstrapper - Loaded default TestExecutionListener class names from location [META-INF/spring.factories]: [org.springframework.boot.test.autoconfigure.restdocs.RestDocsTestExecutionListener, org.springframework.boot.test.autoconfigure.web.client.MockRestServiceServerResetTestExecutionListener, org.springframework.boot.test.autoconfigure.web.servlet.MockMvcPrintOnlyOnFailureTestExecutionListener, org.springframework.boot.test.autoconfigure.web.servlet.WebDriverTestExecutionListener, org.springframework.boot.test.autoconfigure.webservices.client.MockWebServiceServerTestExecutionListener, org.springframework.boot.test.mock.mockito.MockitoTestExecutionListener, org.springframework.boot.test.mock.mockito.ResetMocksTestExecutionListener, org.springframework.test.context.web.ServletTestExecutionListener, org.springframework.test.context.support.DirtiesContextBeforeModesTestExecutionListener, org.springframework.test.context.support.DependencyInjectionTestExecutionListener, org.springframework.test.context.support.DirtiesContextTestExecutionListener, org.springframework.test.context.transaction.TransactionalTestExecutionListener, org.springframework.test.context.jdbc.SqlScriptsTestExecutionListener, org.springframework.test.context.event.EventPublishingTestExecutionListener]
21:21:30.745 [Test worker] DEBUG org.springframework.boot.test.context.SpringBootTestContextBootstrapper - Skipping candidate TestExecutionListener [org.springframework.test.context.transaction.TransactionalTestExecutionListener] due to a missing dependency. Specify custom listener classes or make the default listener classes and their required dependencies available. Offending class: [org.springframework.transaction.interceptor.TransactionAttributeSource]
21:21:30.746 [Test worker] DEBUG org.springframework.boot.test.context.SpringBootTestContextBootstrapper - Skipping candidate TestExecutionListener [org.springframework.test.context.jdbc.SqlScriptsTestExecutionListener] due to a missing dependency. Specify custom listener classes or make the default listener classes and their required dependencies available. Offending class: [org.springframework.transaction.interceptor.TransactionAttribute]
21:21:30.746 [Test worker] INFO org.springframework.boot.test.context.SpringBootTestContextBootstrapper - Using TestExecutionListeners: [org.springframework.test.context.web.ServletTestExecutionListener@d4ea071f, org.springframework.test.context.support.DirtiesContextBeforeModesTestExecutionListener@a8d44217, org.springframework.boot.test.mock.mockito.MockitoTestExecutionListener@1893d132, org.springframework.boot.test.autoconfigure.SpringBootDependencyInjectionTestExecutionListener@87da0cf0, org.springframework.test.context.support.DirtiesContextTestExecutionListener@1591ca96, org.springframework.test.context.event.EventPublishingTestExecutionListener@c5219678, org.springframework.boot.test.autoconfigure.restdocs.RestDocsTestExecutionListener@c38104e7, org.springframework.boot.test.autoconfigure.web.client.MockRestServiceServerResetTestExecutionListener@435586dd, org.springframework.boot.test.autoconfigure.web.servlet.MockMvcPrintOnlyOnFailureTestExecutionListener@fe6b30cb, org.springframework.boot.test.autoconfigure.web.servlet.WebDriverTestExecutionListener@5ee812a6, org.springframework.boot.test.autoconfigure.webservices.client.MockWebServiceServerTestExecutionListener@13405b8b, org.springframework.boot.test.mock.mockito.ResetMocksTestExecutionListener@60e84b18]
21:21:30.752 [Test worker] DEBUG org.springframework.test.context.support.AbstractDirtiesContextTestExecutionListener - Before test class: context [DefaultTestContext@d20c5d97 testClass = DynamoPocApplicationTests, testInstance = [null], testMethod = [null], testException = [null], mergedContextConfiguration = [WebMergedContextConfiguration@a18dd6df testClass = DynamoPocApplicationTests, locations = '{}', classes = '{class com.demo.dynamopoc.DynamoPocApplication}', contextInitializerClasses = '[]', activeProfiles = '{}', propertySourceLocations = '{}', propertySourceProperties = '{org.springframework.boot.test.context.SpringBootTestContextBootstrapper=true}', contextCustomizers = set[org.springframework.boot.test.autoconfigure.properties.PropertyMappingContextCustomizer@0, org.springframework.boot.test.autoconfigure.web.servlet.WebDriverContextCustomizerFactory$Customizer@764a80e5, org.springframework.boot.test.context.filter.ExcludeFilterContextCustomizer@4a01a9a1, org.springframework.boot.test.json.DuplicateJsonObjectContextCustomizerFactory$DuplicateJsonObjectContextCustomizer@13deac28, org.springframework.boot.test.mock.mockito.MockitoContextCustomizer@0, org.springframework.boot.test.web.client.TestRestTemplateContextCustomizer@28e788a8, org.springframework.boot.test.context.SpringBootTestArgs@1], resourceBasePath = 'src/main/webapp', contextLoader = 'org.springframework.boot.test.context.SpringBootContextLoader', parent = [null]], attributes = map['org.springframework.test.context.web.ServletTestExecutionListener.activateListener' -> true]], class annotated with @DirtiesContext [false] with mode [null].
21:21:30.793 [Test worker] DEBUG org.springframework.test.context.support.TestPropertySourceUtils - Adding inlined properties to environment: {spring.jmx.enabled=false, org.springframework.boot.test.context.SpringBootTestContextBootstrapper=true}

  .   ____          _            __ _ _
 /\\ / ___'_ __ _ _(_)_ __  __ _ \ \ \ \
( ( )\___ | '_ | '_| | '_ \/ _` | \ \ \ \
 \\/  ___)| |_)| | | | | || (_| |  ) ) ) )
  '  |____| .__|_| |_|_| |_\__, | / / / /
 =========|_|==============|___/=/_/_/_/
 :: Spring Boot ::        (v2.3.1.RELEASE)

2020-08-15 21:21:31.219  INFO 99125 --- [    Test worker] c.d.dynamopoc.DynamoPocApplicationTests  : Starting DynamoPocApplicationTests on ar-jcabrera-m with PID 99125 (started by jorge.cabrera in /Users/jorge.cabrera/workspace/dynamo-poc/delivery)
2020-08-15 21:21:31.221  INFO 99125 --- [    Test worker] c.d.dynamopoc.DynamoPocApplicationTests  : No active profile set, falling back to default profiles: default
2020-08-15 21:21:33.201  INFO 99125 --- [    Test worker] o.s.s.concurrent.ThreadPoolTaskExecutor  : Initializing ExecutorService 'applicationTaskExecutor'
2020-08-15 21:21:33.727  INFO 99125 --- [    Test worker] o.s.b.a.e.web.EndpointLinksResolver      : Exposing 2 endpoint(s) beneath base path '/actuator'
2020-08-15 21:21:33.785  INFO 99125 --- [    Test worker] c.d.dynamopoc.DynamoPocApplicationTests  : Started DynamoPocApplicationTests in 2.975 seconds (JVM running for 5.067)
]]></system-out>
  <system-err><![CDATA[]]></system-err>
</testsuite>
