<?xml version="1.0" encoding="UTF-8"?>
<testsuite name="com.demo.dynamopoc.delivery.DynamoPocApplicationTests" tests="1" skipped="0" failures="0" errors="0" timestamp="2020-08-16T17:57:14" hostname="ar-jcabrera-m" time="0.371">
  <properties/>
  <testcase name="contextLoads()" classname="com.demo.dynamopoc.delivery.DynamoPocApplicationTests" time="0.371"/>
  <system-out><![CDATA[14:57:10.937 [Test worker] DEBUG org.springframework.test.context.BootstrapUtils - Instantiating CacheAwareContextLoaderDelegate from class [org.springframework.test.context.cache.DefaultCacheAwareContextLoaderDelegate]
14:57:10.961 [Test worker] DEBUG org.springframework.test.context.BootstrapUtils - Instantiating BootstrapContext using constructor [public org.springframework.test.context.support.DefaultBootstrapContext(java.lang.Class,org.springframework.test.context.CacheAwareContextLoaderDelegate)]
14:57:11.002 [Test worker] DEBUG org.springframework.test.context.BootstrapUtils - Instantiating TestContextBootstrapper for test class [com.demo.dynamopoc.delivery.DynamoPocApplicationTests] from class [org.springframework.boot.test.context.SpringBootTestContextBootstrapper]
14:57:11.027 [Test worker] INFO org.springframework.boot.test.context.SpringBootTestContextBootstrapper - Neither @ContextConfiguration nor @ContextHierarchy found for test class [com.demo.dynamopoc.delivery.DynamoPocApplicationTests], using SpringBootContextLoader
14:57:11.033 [Test worker] DEBUG org.springframework.test.context.support.AbstractContextLoader - Did not detect default resource location for test class [com.demo.dynamopoc.delivery.DynamoPocApplicationTests]: class path resource [com/demo/dynamopoc/delivery/DynamoPocApplicationTests-context.xml] does not exist
14:57:11.034 [Test worker] DEBUG org.springframework.test.context.support.AbstractContextLoader - Did not detect default resource location for test class [com.demo.dynamopoc.delivery.DynamoPocApplicationTests]: class path resource [com/demo/dynamopoc/delivery/DynamoPocApplicationTestsContext.groovy] does not exist
14:57:11.035 [Test worker] INFO org.springframework.test.context.support.AbstractContextLoader - Could not detect default resource locations for test class [com.demo.dynamopoc.delivery.DynamoPocApplicationTests]: no resource found for suffixes {-context.xml, Context.groovy}.
14:57:11.036 [Test worker] INFO org.springframework.test.context.support.AnnotationConfigContextLoaderUtils - Could not detect default configuration classes for test class [com.demo.dynamopoc.delivery.DynamoPocApplicationTests]: DynamoPocApplicationTests does not declare any static, non-private, non-final, nested classes annotated with @Configuration.
14:57:11.089 [Test worker] DEBUG org.springframework.test.context.support.ActiveProfilesUtils - Could not find an 'annotation declaring class' for annotation type [org.springframework.test.context.ActiveProfiles] and class [com.demo.dynamopoc.delivery.DynamoPocApplicationTests]
14:57:11.182 [Test worker] DEBUG org.springframework.context.annotation.ClassPathScanningCandidateComponentProvider - Identified candidate component class: file [/Users/jorge.cabrera/workspace/dynamo-poc/delivery/build/classes/kotlin/main/com/demo/dynamopoc/DynamoPocApplication.class]
14:57:11.183 [Test worker] INFO org.springframework.boot.test.context.SpringBootTestContextBootstrapper - Found @SpringBootConfiguration com.demo.dynamopoc.DynamoPocApplication for test class com.demo.dynamopoc.delivery.DynamoPocApplicationTests
14:57:11.325 [Test worker] DEBUG org.springframework.boot.test.context.SpringBootTestContextBootstrapper - @TestExecutionListeners is not present for class [com.demo.dynamopoc.delivery.DynamoPocApplicationTests]: using defaults.
14:57:11.327 [Test worker] INFO org.springframework.boot.test.context.SpringBootTestContextBootstrapper - Loaded default TestExecutionListener class names from location [META-INF/spring.factories]: [org.springframework.boot.test.autoconfigure.restdocs.RestDocsTestExecutionListener, org.springframework.boot.test.autoconfigure.web.client.MockRestServiceServerResetTestExecutionListener, org.springframework.boot.test.autoconfigure.web.servlet.MockMvcPrintOnlyOnFailureTestExecutionListener, org.springframework.boot.test.autoconfigure.web.servlet.WebDriverTestExecutionListener, org.springframework.boot.test.autoconfigure.webservices.client.MockWebServiceServerTestExecutionListener, org.springframework.boot.test.mock.mockito.MockitoTestExecutionListener, org.springframework.boot.test.mock.mockito.ResetMocksTestExecutionListener, org.springframework.test.context.web.ServletTestExecutionListener, org.springframework.test.context.support.DirtiesContextBeforeModesTestExecutionListener, org.springframework.test.context.support.DependencyInjectionTestExecutionListener, org.springframework.test.context.support.DirtiesContextTestExecutionListener, org.springframework.test.context.transaction.TransactionalTestExecutionListener, org.springframework.test.context.jdbc.SqlScriptsTestExecutionListener, org.springframework.test.context.event.EventPublishingTestExecutionListener]
14:57:11.348 [Test worker] DEBUG org.springframework.boot.test.context.SpringBootTestContextBootstrapper - Skipping candidate TestExecutionListener [org.springframework.test.context.transaction.TransactionalTestExecutionListener] due to a missing dependency. Specify custom listener classes or make the default listener classes and their required dependencies available. Offending class: [org.springframework.transaction.interceptor.TransactionAttributeSource]
14:57:11.348 [Test worker] DEBUG org.springframework.boot.test.context.SpringBootTestContextBootstrapper - Skipping candidate TestExecutionListener [org.springframework.test.context.jdbc.SqlScriptsTestExecutionListener] due to a missing dependency. Specify custom listener classes or make the default listener classes and their required dependencies available. Offending class: [org.springframework.transaction.interceptor.TransactionAttribute]
14:57:11.349 [Test worker] INFO org.springframework.boot.test.context.SpringBootTestContextBootstrapper - Using TestExecutionListeners: [org.springframework.test.context.web.ServletTestExecutionListener@ffab35df, org.springframework.test.context.support.DirtiesContextBeforeModesTestExecutionListener@7dd99c9a, org.springframework.boot.test.mock.mockito.MockitoTestExecutionListener@a41ae521, org.springframework.boot.test.autoconfigure.SpringBootDependencyInjectionTestExecutionListener@e9484a85, org.springframework.test.context.support.DirtiesContextTestExecutionListener@ae256d15, org.springframework.test.context.event.EventPublishingTestExecutionListener@b605745, org.springframework.boot.test.autoconfigure.restdocs.RestDocsTestExecutionListener@88f6cda4, org.springframework.boot.test.autoconfigure.web.client.MockRestServiceServerResetTestExecutionListener@25b6ad2f, org.springframework.boot.test.autoconfigure.web.servlet.MockMvcPrintOnlyOnFailureTestExecutionListener@17959fb2, org.springframework.boot.test.autoconfigure.web.servlet.WebDriverTestExecutionListener@b5d0f769, org.springframework.boot.test.autoconfigure.webservices.client.MockWebServiceServerTestExecutionListener@bb9b5b21, org.springframework.boot.test.mock.mockito.ResetMocksTestExecutionListener@e4dd46c3]
14:57:11.353 [Test worker] DEBUG org.springframework.test.context.support.AbstractDirtiesContextTestExecutionListener - Before test class: context [DefaultTestContext@cd64289 testClass = DynamoPocApplicationTests, testInstance = [null], testMethod = [null], testException = [null], mergedContextConfiguration = [WebMergedContextConfiguration@8c56287f testClass = DynamoPocApplicationTests, locations = '{}', classes = '{class com.demo.dynamopoc.DynamoPocApplication}', contextInitializerClasses = '[]', activeProfiles = '{}', propertySourceLocations = '{}', propertySourceProperties = '{org.springframework.boot.test.context.SpringBootTestContextBootstrapper=true}', contextCustomizers = set[org.springframework.boot.test.autoconfigure.properties.PropertyMappingContextCustomizer@0, org.springframework.boot.test.autoconfigure.web.servlet.WebDriverContextCustomizerFactory$Customizer@954023fd, org.springframework.boot.test.context.filter.ExcludeFilterContextCustomizer@7e20707e, org.springframework.boot.test.json.DuplicateJsonObjectContextCustomizerFactory$DuplicateJsonObjectContextCustomizer@229dd835, org.springframework.boot.test.mock.mockito.MockitoContextCustomizer@0, org.springframework.boot.test.web.client.TestRestTemplateContextCustomizer@18a99dad, org.springframework.boot.test.context.SpringBootTestArgs@1], resourceBasePath = 'src/main/webapp', contextLoader = 'org.springframework.boot.test.context.SpringBootContextLoader', parent = [null]], attributes = map['org.springframework.test.context.web.ServletTestExecutionListener.activateListener' -> true]], class annotated with @DirtiesContext [false] with mode [null].
14:57:11.386 [Test worker] DEBUG org.springframework.test.context.support.TestPropertySourceUtils - Adding inlined properties to environment: {spring.jmx.enabled=false, org.springframework.boot.test.context.SpringBootTestContextBootstrapper=true}

  .   ____          _            __ _ _
 /\\ / ___'_ __ _ _(_)_ __  __ _ \ \ \ \
( ( )\___ | '_ | '_| | '_ \/ _` | \ \ \ \
 \\/  ___)| |_)| | | | | || (_| |  ) ) ) )
  '  |____| .__|_| |_|_| |_\__, | / / / /
 =========|_|==============|___/=/_/_/_/
 :: Spring Boot ::        (v2.3.1.RELEASE)

2020-08-16 14:57:11.733  INFO 1353 --- [    Test worker] c.d.d.d.DynamoPocApplicationTests        : Starting DynamoPocApplicationTests on ar-jcabrera-m with PID 1353 (started by jorge.cabrera in /Users/jorge.cabrera/workspace/dynamo-poc/delivery)
2020-08-16 14:57:11.735  INFO 1353 --- [    Test worker] c.d.d.d.DynamoPocApplicationTests        : No active profile set, falling back to default profiles: default
2020-08-16 14:57:13.415  INFO 1353 --- [    Test worker] o.s.s.concurrent.ThreadPoolTaskExecutor  : Initializing ExecutorService 'applicationTaskExecutor'
2020-08-16 14:57:13.941  INFO 1353 --- [    Test worker] o.s.b.a.e.web.EndpointLinksResolver      : Exposing 2 endpoint(s) beneath base path '/actuator'
2020-08-16 14:57:14.002  INFO 1353 --- [    Test worker] c.d.d.d.DynamoPocApplicationTests        : Started DynamoPocApplicationTests in 2.602 seconds (JVM running for 4.183)
]]></system-out>
  <system-err><![CDATA[]]></system-err>
</testsuite>
