<?xml version="1.0" encoding="UTF-8"?>
<testsuite name="com.demo.dynamopoc.delivery.DynamoPocApplicationTests" tests="1" skipped="0" failures="0" errors="0" timestamp="2020-08-16T01:40:13" hostname="ar-jcabrera-m" time="0.4">
  <properties/>
  <testcase name="contextLoads()" classname="com.demo.dynamopoc.delivery.DynamoPocApplicationTests" time="0.4"/>
  <system-out><![CDATA[22:40:10.057 [Test worker] DEBUG org.springframework.test.context.BootstrapUtils - Instantiating CacheAwareContextLoaderDelegate from class [org.springframework.test.context.cache.DefaultCacheAwareContextLoaderDelegate]
22:40:10.086 [Test worker] DEBUG org.springframework.test.context.BootstrapUtils - Instantiating BootstrapContext using constructor [public org.springframework.test.context.support.DefaultBootstrapContext(java.lang.Class,org.springframework.test.context.CacheAwareContextLoaderDelegate)]
22:40:10.133 [Test worker] DEBUG org.springframework.test.context.BootstrapUtils - Instantiating TestContextBootstrapper for test class [com.demo.dynamopoc.delivery.DynamoPocApplicationTests] from class [org.springframework.boot.test.context.SpringBootTestContextBootstrapper]
22:40:10.162 [Test worker] INFO org.springframework.boot.test.context.SpringBootTestContextBootstrapper - Neither @ContextConfiguration nor @ContextHierarchy found for test class [com.demo.dynamopoc.delivery.DynamoPocApplicationTests], using SpringBootContextLoader
22:40:10.169 [Test worker] DEBUG org.springframework.test.context.support.AbstractContextLoader - Did not detect default resource location for test class [com.demo.dynamopoc.delivery.DynamoPocApplicationTests]: class path resource [com/demo/dynamopoc/delivery/DynamoPocApplicationTests-context.xml] does not exist
22:40:10.169 [Test worker] DEBUG org.springframework.test.context.support.AbstractContextLoader - Did not detect default resource location for test class [com.demo.dynamopoc.delivery.DynamoPocApplicationTests]: class path resource [com/demo/dynamopoc/delivery/DynamoPocApplicationTestsContext.groovy] does not exist
22:40:10.170 [Test worker] INFO org.springframework.test.context.support.AbstractContextLoader - Could not detect default resource locations for test class [com.demo.dynamopoc.delivery.DynamoPocApplicationTests]: no resource found for suffixes {-context.xml, Context.groovy}.
22:40:10.171 [Test worker] INFO org.springframework.test.context.support.AnnotationConfigContextLoaderUtils - Could not detect default configuration classes for test class [com.demo.dynamopoc.delivery.DynamoPocApplicationTests]: DynamoPocApplicationTests does not declare any static, non-private, non-final, nested classes annotated with @Configuration.
22:40:10.230 [Test worker] DEBUG org.springframework.test.context.support.ActiveProfilesUtils - Could not find an 'annotation declaring class' for annotation type [org.springframework.test.context.ActiveProfiles] and class [com.demo.dynamopoc.delivery.DynamoPocApplicationTests]
22:40:10.349 [Test worker] DEBUG org.springframework.context.annotation.ClassPathScanningCandidateComponentProvider - Identified candidate component class: file [/Users/jorge.cabrera/workspace/dynamo-poc/delivery/build/classes/kotlin/main/com/demo/dynamopoc/DynamoPocApplication.class]
22:40:10.350 [Test worker] INFO org.springframework.boot.test.context.SpringBootTestContextBootstrapper - Found @SpringBootConfiguration com.demo.dynamopoc.DynamoPocApplication for test class com.demo.dynamopoc.delivery.DynamoPocApplicationTests
22:40:10.508 [Test worker] DEBUG org.springframework.boot.test.context.SpringBootTestContextBootstrapper - @TestExecutionListeners is not present for class [com.demo.dynamopoc.delivery.DynamoPocApplicationTests]: using defaults.
22:40:10.509 [Test worker] INFO org.springframework.boot.test.context.SpringBootTestContextBootstrapper - Loaded default TestExecutionListener class names from location [META-INF/spring.factories]: [org.springframework.boot.test.autoconfigure.restdocs.RestDocsTestExecutionListener, org.springframework.boot.test.autoconfigure.web.client.MockRestServiceServerResetTestExecutionListener, org.springframework.boot.test.autoconfigure.web.servlet.MockMvcPrintOnlyOnFailureTestExecutionListener, org.springframework.boot.test.autoconfigure.web.servlet.WebDriverTestExecutionListener, org.springframework.boot.test.autoconfigure.webservices.client.MockWebServiceServerTestExecutionListener, org.springframework.boot.test.mock.mockito.MockitoTestExecutionListener, org.springframework.boot.test.mock.mockito.ResetMocksTestExecutionListener, org.springframework.test.context.web.ServletTestExecutionListener, org.springframework.test.context.support.DirtiesContextBeforeModesTestExecutionListener, org.springframework.test.context.support.DependencyInjectionTestExecutionListener, org.springframework.test.context.support.DirtiesContextTestExecutionListener, org.springframework.test.context.transaction.TransactionalTestExecutionListener, org.springframework.test.context.jdbc.SqlScriptsTestExecutionListener, org.springframework.test.context.event.EventPublishingTestExecutionListener]
22:40:10.531 [Test worker] DEBUG org.springframework.boot.test.context.SpringBootTestContextBootstrapper - Skipping candidate TestExecutionListener [org.springframework.test.context.transaction.TransactionalTestExecutionListener] due to a missing dependency. Specify custom listener classes or make the default listener classes and their required dependencies available. Offending class: [org.springframework.transaction.interceptor.TransactionAttributeSource]
22:40:10.532 [Test worker] DEBUG org.springframework.boot.test.context.SpringBootTestContextBootstrapper - Skipping candidate TestExecutionListener [org.springframework.test.context.jdbc.SqlScriptsTestExecutionListener] due to a missing dependency. Specify custom listener classes or make the default listener classes and their required dependencies available. Offending class: [org.springframework.transaction.interceptor.TransactionAttribute]
22:40:10.532 [Test worker] INFO org.springframework.boot.test.context.SpringBootTestContextBootstrapper - Using TestExecutionListeners: [org.springframework.test.context.web.ServletTestExecutionListener@eba2bdc1, org.springframework.test.context.support.DirtiesContextBeforeModesTestExecutionListener@58fd3ae1, org.springframework.boot.test.mock.mockito.MockitoTestExecutionListener@7913c5e9, org.springframework.boot.test.autoconfigure.SpringBootDependencyInjectionTestExecutionListener@94a6460, org.springframework.test.context.support.DirtiesContextTestExecutionListener@f708a15a, org.springframework.test.context.event.EventPublishingTestExecutionListener@701a1cb3, org.springframework.boot.test.autoconfigure.restdocs.RestDocsTestExecutionListener@bf40ac41, org.springframework.boot.test.autoconfigure.web.client.MockRestServiceServerResetTestExecutionListener@f482973e, org.springframework.boot.test.autoconfigure.web.servlet.MockMvcPrintOnlyOnFailureTestExecutionListener@4d467b0, org.springframework.boot.test.autoconfigure.web.servlet.WebDriverTestExecutionListener@66e5f144, org.springframework.boot.test.autoconfigure.webservices.client.MockWebServiceServerTestExecutionListener@2975ef90, org.springframework.boot.test.mock.mockito.ResetMocksTestExecutionListener@da2a0ef6]
22:40:10.537 [Test worker] DEBUG org.springframework.test.context.support.AbstractDirtiesContextTestExecutionListener - Before test class: context [DefaultTestContext@120e02b2 testClass = DynamoPocApplicationTests, testInstance = [null], testMethod = [null], testException = [null], mergedContextConfiguration = [WebMergedContextConfiguration@729688e2 testClass = DynamoPocApplicationTests, locations = '{}', classes = '{class com.demo.dynamopoc.DynamoPocApplication}', contextInitializerClasses = '[]', activeProfiles = '{}', propertySourceLocations = '{}', propertySourceProperties = '{org.springframework.boot.test.context.SpringBootTestContextBootstrapper=true}', contextCustomizers = set[org.springframework.boot.test.autoconfigure.properties.PropertyMappingContextCustomizer@0, org.springframework.boot.test.autoconfigure.web.servlet.WebDriverContextCustomizerFactory$Customizer@11469a65, org.springframework.boot.test.context.filter.ExcludeFilterContextCustomizer@bbb8ee07, org.springframework.boot.test.json.DuplicateJsonObjectContextCustomizerFactory$DuplicateJsonObjectContextCustomizer@27c9382b, org.springframework.boot.test.mock.mockito.MockitoContextCustomizer@0, org.springframework.boot.test.web.client.TestRestTemplateContextCustomizer@7771dc68, org.springframework.boot.test.context.SpringBootTestArgs@1], resourceBasePath = 'src/main/webapp', contextLoader = 'org.springframework.boot.test.context.SpringBootContextLoader', parent = [null]], attributes = map['org.springframework.test.context.web.ServletTestExecutionListener.activateListener' -> true]], class annotated with @DirtiesContext [false] with mode [null].
22:40:10.574 [Test worker] DEBUG org.springframework.test.context.support.TestPropertySourceUtils - Adding inlined properties to environment: {spring.jmx.enabled=false, org.springframework.boot.test.context.SpringBootTestContextBootstrapper=true}

  .   ____          _            __ _ _
 /\\ / ___'_ __ _ _(_)_ __  __ _ \ \ \ \
( ( )\___ | '_ | '_| | '_ \/ _` | \ \ \ \
 \\/  ___)| |_)| | | | | || (_| |  ) ) ) )
  '  |____| .__|_| |_|_| |_\__, | / / / /
 =========|_|==============|___/=/_/_/_/
 :: Spring Boot ::        (v2.3.1.RELEASE)

2020-08-15 22:40:10.987  INFO 99687 --- [    Test worker] c.d.d.d.DynamoPocApplicationTests        : Starting DynamoPocApplicationTests on ar-jcabrera-m with PID 99687 (started by jorge.cabrera in /Users/jorge.cabrera/workspace/dynamo-poc/delivery)
2020-08-15 22:40:10.988  INFO 99687 --- [    Test worker] c.d.d.d.DynamoPocApplicationTests        : No active profile set, falling back to default profiles: default
2020-08-15 22:40:12.936  INFO 99687 --- [    Test worker] o.s.s.concurrent.ThreadPoolTaskExecutor  : Initializing ExecutorService 'applicationTaskExecutor'
2020-08-15 22:40:13.370  INFO 99687 --- [    Test worker] o.s.b.a.e.web.EndpointLinksResolver      : Exposing 2 endpoint(s) beneath base path '/actuator'
2020-08-15 22:40:13.421  INFO 99687 --- [    Test worker] c.d.d.d.DynamoPocApplicationTests        : Started DynamoPocApplicationTests in 2.828 seconds (JVM running for 4.605)
]]></system-out>
  <system-err><![CDATA[]]></system-err>
</testsuite>
